2024-06-28T12:34:00.051+0300 [DEBUG] [org.gradle.launcher.daemon.bootstrap.DaemonMain] Assuming the daemon was started with following jvm opts: [--add-opens=java.base/java.util=ALL-UNNAMED, --add-opens=java.base/java.lang=ALL-UNNAMED, --add-opens=java.base/java.lang.invoke=ALL-UNNAMED, --add-opens=java.prefs/java.util.prefs=ALL-UNNAMED, --add-opens=java.base/java.nio.charset=ALL-UNNAMED, --add-opens=java.base/java.net=ALL-UNNAMED, --add-opens=java.base/java.util.concurrent.atomic=ALL-UNNAMED, -Xmx2048m, -Dfile.encoding=UTF-8, -Duser.country=IL, -Duser.language=he, -Duser.variant]
2024-06-28T12:34:00.325+0300 [DEBUG] [org.gradle.internal.nativeintegration.services.NativeServices] Native-platform posix files integration is not available. Continuing with fallback.
2024-06-28T12:34:00.337+0300 [INFO] [org.gradle.launcher.daemon.server.Daemon] start() called on daemon - DefaultDaemonContext[uid=d6e14e8c-35a1-422a-b8b5-434586fd353b,javaHome=C:\Program Files\Android\Android Studio1\jbr,daemonRegistryDir=C:\Users\omers\Desktop\CouponChest-Kotlin-App\CouponChest-Kotlin-App\gradle\daemon,pid=11196,idleTimeout=10800000,priority=NORMAL,applyInstrumentationAgent=true,daemonOpts=--add-opens=java.base/java.util=ALL-UNNAMED,--add-opens=java.base/java.lang=ALL-UNNAMED,--add-opens=java.base/java.lang.invoke=ALL-UNNAMED,--add-opens=java.prefs/java.util.prefs=ALL-UNNAMED,--add-opens=java.base/java.nio.charset=ALL-UNNAMED,--add-opens=java.base/java.net=ALL-UNNAMED,--add-opens=java.base/java.util.concurrent.atomic=ALL-UNNAMED,-Xmx2048m,-Dfile.encoding=UTF-8,-Duser.country=IL,-Duser.language=he,-Duser.variant]
2024-06-28T12:34:00.517+0300 [DEBUG] [org.gradle.internal.remote.internal.inet.InetAddresses] Adding IP addresses for network interface Software Loopback Interface 1
2024-06-28T12:34:00.520+0300 [DEBUG] [org.gradle.internal.remote.internal.inet.InetAddresses] Is this a loopback interface? true
2024-06-28T12:34:00.521+0300 [DEBUG] [org.gradle.internal.remote.internal.inet.InetAddresses] Adding loopback address /127.0.0.1
2024-06-28T12:34:00.521+0300 [DEBUG] [org.gradle.internal.remote.internal.inet.InetAddresses] Adding loopback address /0:0:0:0:0:0:0:1
2024-06-28T12:34:00.522+0300 [DEBUG] [org.gradle.internal.remote.internal.inet.InetAddresses] Adding IP addresses for network interface Microsoft Wi-Fi Direct Virtual Adapter-WFP Native MAC Layer LightWeight Filter-0000
2024-06-28T12:34:00.525+0300 [DEBUG] [org.gradle.internal.remote.internal.inet.InetAddresses] Is this a loopback interface? false
2024-06-28T12:34:00.526+0300 [DEBUG] [org.gradle.internal.remote.internal.inet.InetAddresses] Adding IP addresses for network interface WAN Miniport (Network Monitor)
2024-06-28T12:34:00.531+0300 [DEBUG] [org.gradle.internal.remote.internal.inet.InetAddresses] Is this a loopback interface? false
2024-06-28T12:34:00.532+0300 [DEBUG] [org.gradle.internal.remote.internal.inet.InetAddresses] Adding IP addresses for network interface Microsoft 6to4 Adapter
2024-06-28T12:34:00.537+0300 [DEBUG] [org.gradle.internal.remote.internal.inet.InetAddresses] Is this a loopback interface? false
2024-06-28T12:34:00.538+0300 [DEBUG] [org.gradle.internal.remote.internal.inet.InetAddresses] Adding IP addresses for network interface WAN Miniport (IP)
2024-06-28T12:34:00.546+0300 [DEBUG] [org.gradle.internal.remote.internal.inet.InetAddresses] Is this a loopback interface? false
2024-06-28T12:34:00.546+0300 [DEBUG] [org.gradle.internal.remote.internal.inet.InetAddresses] Adding IP addresses for network interface WAN Miniport (L2TP)
2024-06-28T12:34:00.553+0300 [DEBUG] [org.gradle.internal.remote.internal.inet.InetAddresses] Is this a loopback interface? false
2024-06-28T12:34:00.554+0300 [DEBUG] [org.gradle.internal.remote.internal.inet.InetAddresses] Adding IP addresses for network interface WAN Miniport (IPv6)
2024-06-28T12:34:00.559+0300 [DEBUG] [org.gradle.internal.remote.internal.inet.InetAddresses] Is this a loopback interface? false
2024-06-28T12:34:00.560+0300 [DEBUG] [org.gradle.internal.remote.internal.inet.InetAddresses] Adding IP addresses for network interface Microsoft IP-HTTPS Platform Adapter
2024-06-28T12:34:00.563+0300 [DEBUG] [org.gradle.internal.remote.internal.inet.InetAddresses] Is this a loopback interface? false
2024-06-28T12:34:00.564+0300 [DEBUG] [org.gradle.internal.remote.internal.inet.InetAddresses] Adding IP addresses for network interface Bluetooth Device (Personal Area Network)
2024-06-28T12:34:00.568+0300 [DEBUG] [org.gradle.internal.remote.internal.inet.InetAddresses] Is this a loopback interface? false
2024-06-28T12:34:00.568+0300 [DEBUG] [org.gradle.internal.remote.internal.inet.InetAddresses] Adding remote address /fe80:0:0:0:4674:248e:aa6b:b1e6%eth3
2024-06-28T12:34:00.569+0300 [DEBUG] [org.gradle.internal.remote.internal.inet.InetAddresses] Adding IP addresses for network interface TunnelBear Adapter V9
2024-06-28T12:34:00.573+0300 [DEBUG] [org.gradle.internal.remote.internal.inet.InetAddresses] Is this a loopback interface? false
2024-06-28T12:34:00.573+0300 [DEBUG] [org.gradle.internal.remote.internal.inet.InetAddresses] Adding remote address /fe80:0:0:0:a43a:b66b:c49a:81ad%eth4
2024-06-28T12:34:00.574+0300 [DEBUG] [org.gradle.internal.remote.internal.inet.InetAddresses] Adding IP addresses for network interface Intel(R) Ethernet Connection (12) I219-V
2024-06-28T12:34:00.577+0300 [DEBUG] [org.gradle.internal.remote.internal.inet.InetAddresses] Is this a loopback interface? false
2024-06-28T12:34:00.577+0300 [DEBUG] [org.gradle.internal.remote.internal.inet.InetAddresses] Adding remote address /fe80:0:0:0:c547:8e3c:1892:198b%eth5
2024-06-28T12:34:00.577+0300 [DEBUG] [org.gradle.internal.remote.internal.inet.InetAddresses] Adding IP addresses for network interface WAN Miniport (PPTP)
2024-06-28T12:34:00.582+0300 [DEBUG] [org.gradle.internal.remote.internal.inet.InetAddresses] Is this a loopback interface? false
2024-06-28T12:34:00.583+0300 [DEBUG] [org.gradle.internal.remote.internal.inet.InetAddresses] Adding IP addresses for network interface Intel(R) Wi-Fi 6 AX200 160MHz-WFP Native MAC Layer LightWeight Filter-0000
2024-06-28T12:34:00.589+0300 [DEBUG] [org.gradle.internal.remote.internal.inet.InetAddresses] Is this a loopback interface? false
2024-06-28T12:34:00.590+0300 [DEBUG] [org.gradle.internal.remote.internal.inet.InetAddresses] Adding IP addresses for network interface WAN Miniport (PPPOE)
2024-06-28T12:34:00.593+0300 [DEBUG] [org.gradle.internal.remote.internal.inet.InetAddresses] Is this a loopback interface? false
2024-06-28T12:34:00.593+0300 [DEBUG] [org.gradle.internal.remote.internal.inet.InetAddresses] Adding IP addresses for network interface Microsoft Wi-Fi Direct Virtual Adapter #2
2024-06-28T12:34:00.596+0300 [DEBUG] [org.gradle.internal.remote.internal.inet.InetAddresses] Is this a loopback interface? false
2024-06-28T12:34:00.597+0300 [DEBUG] [org.gradle.internal.remote.internal.inet.InetAddresses] Adding remote address /fe80:0:0:0:528c:ed05:72cd:a37d%wlan2
2024-06-28T12:34:00.597+0300 [DEBUG] [org.gradle.internal.remote.internal.inet.InetAddresses] Adding IP addresses for network interface Microsoft Kernel Debug Network Adapter
2024-06-28T12:34:00.599+0300 [DEBUG] [org.gradle.internal.remote.internal.inet.InetAddresses] Is this a loopback interface? false
2024-06-28T12:34:00.600+0300 [DEBUG] [org.gradle.internal.remote.internal.inet.InetAddresses] Adding IP addresses for network interface Microsoft Teredo Tunneling Adapter
2024-06-28T12:34:00.604+0300 [DEBUG] [org.gradle.internal.remote.internal.inet.InetAddresses] Is this a loopback interface? false
2024-06-28T12:34:00.605+0300 [DEBUG] [org.gradle.internal.remote.internal.inet.InetAddresses] Adding IP addresses for network interface WAN Miniport (IKEv2)
2024-06-28T12:34:00.609+0300 [DEBUG] [org.gradle.internal.remote.internal.inet.InetAddresses] Is this a loopback interface? false
2024-06-28T12:34:00.610+0300 [DEBUG] [org.gradle.internal.remote.internal.inet.InetAddresses] Adding IP addresses for network interface PolarBear Tunnel
2024-06-28T12:34:00.613+0300 [DEBUG] [org.gradle.internal.remote.internal.inet.InetAddresses] Is this a loopback interface? false
2024-06-28T12:34:00.613+0300 [DEBUG] [org.gradle.internal.remote.internal.inet.InetAddresses] Adding remote address /fe80:0:0:0:5414:27df:8a51:7473%net6
2024-06-28T12:34:00.614+0300 [DEBUG] [org.gradle.internal.remote.internal.inet.InetAddresses] Adding IP addresses for network interface Microsoft Wi-Fi Direct Virtual Adapter
2024-06-28T12:34:00.617+0300 [DEBUG] [org.gradle.internal.remote.internal.inet.InetAddresses] Is this a loopback interface? false
2024-06-28T12:34:00.617+0300 [DEBUG] [org.gradle.internal.remote.internal.inet.InetAddresses] Adding remote address /fe80:0:0:0:e9:c572:1a58:1dc0%wlan3
2024-06-28T12:34:00.617+0300 [DEBUG] [org.gradle.internal.remote.internal.inet.InetAddresses] Adding IP addresses for network interface WAN Miniport (SSTP)
2024-06-28T12:34:00.621+0300 [DEBUG] [org.gradle.internal.remote.internal.inet.InetAddresses] Is this a loopback interface? false
2024-06-28T12:34:00.622+0300 [DEBUG] [org.gradle.internal.remote.internal.inet.InetAddresses] Adding IP addresses for network interface VirtualBox Host-Only Ethernet Adapter
2024-06-28T12:34:00.624+0300 [DEBUG] [org.gradle.internal.remote.internal.inet.InetAddresses] Is this a loopback interface? false
2024-06-28T12:34:00.625+0300 [DEBUG] [org.gradle.internal.remote.internal.inet.InetAddresses] Adding remote address /192.168.56.1
2024-06-28T12:34:00.625+0300 [DEBUG] [org.gradle.internal.remote.internal.inet.InetAddresses] Adding remote address /fe80:0:0:0:fabd:50ce:981:4e96%eth7
2024-06-28T12:34:00.625+0300 [DEBUG] [org.gradle.internal.remote.internal.inet.InetAddresses] Adding IP addresses for network interface Intel(R) Wi-Fi 6 AX200 160MHz
2024-06-28T12:34:00.628+0300 [DEBUG] [org.gradle.internal.remote.internal.inet.InetAddresses] Is this a loopback interface? false
2024-06-28T12:34:00.628+0300 [DEBUG] [org.gradle.internal.remote.internal.inet.InetAddresses] Adding remote address /192.168.1.38
2024-06-28T12:34:00.628+0300 [DEBUG] [org.gradle.internal.remote.internal.inet.InetAddresses] Adding remote address /2a00:a041:e659:2600:9269:3dd6:43cd:cb42
2024-06-28T12:34:00.628+0300 [DEBUG] [org.gradle.internal.remote.internal.inet.InetAddresses] Adding remote address /fd00:8433:319b:b747:9ddd:8653:beaa:effe
2024-06-28T12:34:00.628+0300 [DEBUG] [org.gradle.internal.remote.internal.inet.InetAddresses] Adding remote address /2a00:a041:e659:2600:e0a9:5c19:c1ba:5732
2024-06-28T12:34:00.628+0300 [DEBUG] [org.gradle.internal.remote.internal.inet.InetAddresses] Adding remote address /fd00:8433:319b:b747:a4b0:8417:f120:b836
2024-06-28T12:34:00.628+0300 [DEBUG] [org.gradle.internal.remote.internal.inet.InetAddresses] Adding remote address /fe80:0:0:0:4801:3378:93c2:9031%wlan4
2024-06-28T12:34:00.629+0300 [DEBUG] [org.gradle.internal.remote.internal.inet.InetAddresses] Adding IP addresses for network interface Microsoft Wi-Fi Direct Virtual Adapter-Native WiFi Filter Driver-0000
2024-06-28T12:34:00.631+0300 [DEBUG] [org.gradle.internal.remote.internal.inet.InetAddresses] Is this a loopback interface? false
2024-06-28T12:34:00.632+0300 [DEBUG] [org.gradle.internal.remote.internal.inet.InetAddresses] Adding IP addresses for network interface Microsoft Wi-Fi Direct Virtual Adapter-VirtualBox NDIS Light-Weight Filter-0000
2024-06-28T12:34:00.635+0300 [DEBUG] [org.gradle.internal.remote.internal.inet.InetAddresses] Is this a loopback interface? false
2024-06-28T12:34:00.635+0300 [DEBUG] [org.gradle.internal.remote.internal.inet.InetAddresses] Adding IP addresses for network interface Microsoft Wi-Fi Direct Virtual Adapter-QoS Packet Scheduler-0000
2024-06-28T12:34:00.638+0300 [DEBUG] [org.gradle.internal.remote.internal.inet.InetAddresses] Is this a loopback interface? false
2024-06-28T12:34:00.638+0300 [DEBUG] [org.gradle.internal.remote.internal.inet.InetAddresses] Adding IP addresses for network interface Microsoft Wi-Fi Direct Virtual Adapter-WFP 802.3 MAC Layer LightWeight Filter-0000
2024-06-28T12:34:00.641+0300 [DEBUG] [org.gradle.internal.remote.internal.inet.InetAddresses] Is this a loopback interface? false
2024-06-28T12:34:00.641+0300 [DEBUG] [org.gradle.internal.remote.internal.inet.InetAddresses] Adding IP addresses for network interface VirtualBox Host-Only Ethernet Adapter-WFP Native MAC Layer LightWeight Filter-0000
2024-06-28T12:34:00.645+0300 [DEBUG] [org.gradle.internal.remote.internal.inet.InetAddresses] Is this a loopback interface? false
2024-06-28T12:34:00.645+0300 [DEBUG] [org.gradle.internal.remote.internal.inet.InetAddresses] Adding IP addresses for network interface VirtualBox Host-Only Ethernet Adapter-QoS Packet Scheduler-0000
2024-06-28T12:34:00.650+0300 [DEBUG] [org.gradle.internal.remote.internal.inet.InetAddresses] Is this a loopback interface? false
2024-06-28T12:34:00.651+0300 [DEBUG] [org.gradle.internal.remote.internal.inet.InetAddresses] Adding IP addresses for network interface VirtualBox Host-Only Ethernet Adapter-WFP 802.3 MAC Layer LightWeight Filter-0000
2024-06-28T12:34:00.654+0300 [DEBUG] [org.gradle.internal.remote.internal.inet.InetAddresses] Is this a loopback interface? false
2024-06-28T12:34:00.654+0300 [DEBUG] [org.gradle.internal.remote.internal.inet.InetAddresses] Adding IP addresses for network interface TunnelBear Adapter V9-WFP Native MAC Layer LightWeight Filter-0000
2024-06-28T12:34:00.657+0300 [DEBUG] [org.gradle.internal.remote.internal.inet.InetAddresses] Is this a loopback interface? false
2024-06-28T12:34:00.657+0300 [DEBUG] [org.gradle.internal.remote.internal.inet.InetAddresses] Adding IP addresses for network interface TunnelBear Adapter V9-VirtualBox NDIS Light-Weight Filter-0000
2024-06-28T12:34:00.660+0300 [DEBUG] [org.gradle.internal.remote.internal.inet.InetAddresses] Is this a loopback interface? false
2024-06-28T12:34:00.660+0300 [DEBUG] [org.gradle.internal.remote.internal.inet.InetAddresses] Adding IP addresses for network interface TunnelBear Adapter V9-QoS Packet Scheduler-0000
2024-06-28T12:34:00.664+0300 [DEBUG] [org.gradle.internal.remote.internal.inet.InetAddresses] Is this a loopback interface? false
2024-06-28T12:34:00.664+0300 [DEBUG] [org.gradle.internal.remote.internal.inet.InetAddresses] Adding IP addresses for network interface TunnelBear Adapter V9-WFP 802.3 MAC Layer LightWeight Filter-0000
2024-06-28T12:34:00.667+0300 [DEBUG] [org.gradle.internal.remote.internal.inet.InetAddresses] Is this a loopback interface? false
2024-06-28T12:34:00.667+0300 [DEBUG] [org.gradle.internal.remote.internal.inet.InetAddresses] Adding IP addresses for network interface Intel(R) Wi-Fi 6 AX200 160MHz-Virtual WiFi Filter Driver-0000
2024-06-28T12:34:00.670+0300 [DEBUG] [org.gradle.internal.remote.internal.inet.InetAddresses] Is this a loopback interface? false
2024-06-28T12:34:00.670+0300 [DEBUG] [org.gradle.internal.remote.internal.inet.InetAddresses] Adding IP addresses for network interface Intel(R) Ethernet Connection (12) I219-V-WFP Native MAC Layer LightWeight Filter-0000
2024-06-28T12:34:00.673+0300 [DEBUG] [org.gradle.internal.remote.internal.inet.InetAddresses] Is this a loopback interface? false
2024-06-28T12:34:00.673+0300 [DEBUG] [org.gradle.internal.remote.internal.inet.InetAddresses] Adding IP addresses for network interface Intel(R) Ethernet Connection (12) I219-V-VirtualBox NDIS Light-Weight Filter-0000
2024-06-28T12:34:00.676+0300 [DEBUG] [org.gradle.internal.remote.internal.inet.InetAddresses] Is this a loopback interface? false
2024-06-28T12:34:00.676+0300 [DEBUG] [org.gradle.internal.remote.internal.inet.InetAddresses] Adding IP addresses for network interface Intel(R) Ethernet Connection (12) I219-V-QoS Packet Scheduler-0000
2024-06-28T12:34:00.679+0300 [DEBUG] [org.gradle.internal.remote.internal.inet.InetAddresses] Is this a loopback interface? false
2024-06-28T12:34:00.679+0300 [DEBUG] [org.gradle.internal.remote.internal.inet.InetAddresses] Adding IP addresses for network interface Intel(R) Ethernet Connection (12) I219-V-WFP 802.3 MAC Layer LightWeight Filter-0000
2024-06-28T12:34:00.682+0300 [DEBUG] [org.gradle.internal.remote.internal.inet.InetAddresses] Is this a loopback interface? false
2024-06-28T12:34:00.682+0300 [DEBUG] [org.gradle.internal.remote.internal.inet.InetAddresses] Adding IP addresses for network interface Intel(R) Wi-Fi 6 AX200 160MHz-Native WiFi Filter Driver-0000
2024-06-28T12:34:00.687+0300 [DEBUG] [org.gradle.internal.remote.internal.inet.InetAddresses] Is this a loopback interface? false
2024-06-28T12:34:00.687+0300 [DEBUG] [org.gradle.internal.remote.internal.inet.InetAddresses] Adding IP addresses for network interface Intel(R) Wi-Fi 6 AX200 160MHz-VirtualBox NDIS Light-Weight Filter-0000
2024-06-28T12:34:00.692+0300 [DEBUG] [org.gradle.internal.remote.internal.inet.InetAddresses] Is this a loopback interface? false
2024-06-28T12:34:00.692+0300 [DEBUG] [org.gradle.internal.remote.internal.inet.InetAddresses] Adding IP addresses for network interface Intel(R) Wi-Fi 6 AX200 160MHz-QoS Packet Scheduler-0000
2024-06-28T12:34:00.696+0300 [DEBUG] [org.gradle.internal.remote.internal.inet.InetAddresses] Is this a loopback interface? false
2024-06-28T12:34:00.697+0300 [DEBUG] [org.gradle.internal.remote.internal.inet.InetAddresses] Adding IP addresses for network interface Intel(R) Wi-Fi 6 AX200 160MHz-WFP 802.3 MAC Layer LightWeight Filter-0000
2024-06-28T12:34:00.700+0300 [DEBUG] [org.gradle.internal.remote.internal.inet.InetAddresses] Is this a loopback interface? false
2024-06-28T12:34:00.700+0300 [DEBUG] [org.gradle.internal.remote.internal.inet.InetAddresses] Adding IP addresses for network interface Hyper-V Virtual Switch Extension Adapter
2024-06-28T12:34:00.704+0300 [DEBUG] [org.gradle.internal.remote.internal.inet.InetAddresses] Is this a loopback interface? false
2024-06-28T12:34:00.704+0300 [DEBUG] [org.gradle.internal.remote.internal.inet.InetAddresses] Adding IP addresses for network interface Hyper-V Virtual Switch Extension Adapter-Hyper-V Virtual Switch Extension Filter-0000
2024-06-28T12:34:00.707+0300 [DEBUG] [org.gradle.internal.remote.internal.inet.InetAddresses] Is this a loopback interface? false
2024-06-28T12:34:00.707+0300 [DEBUG] [org.gradle.internal.remote.internal.inet.InetAddresses] Adding IP addresses for network interface Hyper-V Virtual Ethernet Adapter
2024-06-28T12:34:00.709+0300 [DEBUG] [org.gradle.internal.remote.internal.inet.InetAddresses] Is this a loopback interface? false
2024-06-28T12:34:00.710+0300 [DEBUG] [org.gradle.internal.remote.internal.inet.InetAddresses] Adding remote address /172.20.0.1
2024-06-28T12:34:00.710+0300 [DEBUG] [org.gradle.internal.remote.internal.inet.InetAddresses] Adding remote address /fe80:0:0:0:ff0a:6dfc:34e4:fc35%eth21
2024-06-28T12:34:00.710+0300 [DEBUG] [org.gradle.internal.remote.internal.inet.InetAddresses] Adding IP addresses for network interface Hyper-V Virtual Ethernet Adapter-WFP Native MAC Layer LightWeight Filter-0000
2024-06-28T12:34:00.714+0300 [DEBUG] [org.gradle.internal.remote.internal.inet.InetAddresses] Is this a loopback interface? false
2024-06-28T12:34:00.715+0300 [DEBUG] [org.gradle.internal.remote.internal.inet.InetAddresses] Adding IP addresses for network interface Hyper-V Virtual Ethernet Adapter-VirtualBox NDIS Light-Weight Filter-0000
2024-06-28T12:34:00.719+0300 [DEBUG] [org.gradle.internal.remote.internal.inet.InetAddresses] Is this a loopback interface? false
2024-06-28T12:34:00.720+0300 [DEBUG] [org.gradle.internal.remote.internal.inet.InetAddresses] Adding IP addresses for network interface Hyper-V Virtual Ethernet Adapter-QoS Packet Scheduler-0000
2024-06-28T12:34:00.722+0300 [DEBUG] [org.gradle.internal.remote.internal.inet.InetAddresses] Is this a loopback interface? false
2024-06-28T12:34:00.723+0300 [DEBUG] [org.gradle.internal.remote.internal.inet.InetAddresses] Adding IP addresses for network interface Hyper-V Virtual Ethernet Adapter-WFP 802.3 MAC Layer LightWeight Filter-0000
2024-06-28T12:34:00.725+0300 [DEBUG] [org.gradle.internal.remote.internal.inet.InetAddresses] Is this a loopback interface? false
2024-06-28T12:34:00.725+0300 [DEBUG] [org.gradle.internal.remote.internal.inet.InetAddresses] Adding IP addresses for network interface Microsoft Wi-Fi Direct Virtual Adapter #2-WFP Native MAC Layer LightWeight Filter-0000
2024-06-28T12:34:00.730+0300 [DEBUG] [org.gradle.internal.remote.internal.inet.InetAddresses] Is this a loopback interface? false
2024-06-28T12:34:00.730+0300 [DEBUG] [org.gradle.internal.remote.internal.inet.InetAddresses] Adding IP addresses for network interface Microsoft Wi-Fi Direct Virtual Adapter #2-Native WiFi Filter Driver-0000
2024-06-28T12:34:00.734+0300 [DEBUG] [org.gradle.internal.remote.internal.inet.InetAddresses] Is this a loopback interface? false
2024-06-28T12:34:00.735+0300 [DEBUG] [org.gradle.internal.remote.internal.inet.InetAddresses] Adding IP addresses for network interface Microsoft Wi-Fi Direct Virtual Adapter #2-VirtualBox NDIS Light-Weight Filter-0000
2024-06-28T12:34:00.738+0300 [DEBUG] [org.gradle.internal.remote.internal.inet.InetAddresses] Is this a loopback interface? false
2024-06-28T12:34:00.738+0300 [DEBUG] [org.gradle.internal.remote.internal.inet.InetAddresses] Adding IP addresses for network interface Microsoft Wi-Fi Direct Virtual Adapter #2-QoS Packet Scheduler-0000
2024-06-28T12:34:00.741+0300 [DEBUG] [org.gradle.internal.remote.internal.inet.InetAddresses] Is this a loopback interface? false
2024-06-28T12:34:00.742+0300 [DEBUG] [org.gradle.internal.remote.internal.inet.InetAddresses] Adding IP addresses for network interface Microsoft Wi-Fi Direct Virtual Adapter #2-WFP 802.3 MAC Layer LightWeight Filter-0000
2024-06-28T12:34:00.745+0300 [DEBUG] [org.gradle.internal.remote.internal.inet.InetAddresses] Is this a loopback interface? false
2024-06-28T12:34:00.745+0300 [DEBUG] [org.gradle.internal.remote.internal.inet.InetAddresses] Adding IP addresses for network interface WAN Miniport (IP)-WFP Native MAC Layer LightWeight Filter-0000
2024-06-28T12:34:00.748+0300 [DEBUG] [org.gradle.internal.remote.internal.inet.InetAddresses] Is this a loopback interface? false
2024-06-28T12:34:00.749+0300 [DEBUG] [org.gradle.internal.remote.internal.inet.InetAddresses] Adding IP addresses for network interface WAN Miniport (IP)-QoS Packet Scheduler-0000
2024-06-28T12:34:00.753+0300 [DEBUG] [org.gradle.internal.remote.internal.inet.InetAddresses] Is this a loopback interface? false
2024-06-28T12:34:00.753+0300 [DEBUG] [org.gradle.internal.remote.internal.inet.InetAddresses] Adding IP addresses for network interface WAN Miniport (IPv6)-WFP Native MAC Layer LightWeight Filter-0000
2024-06-28T12:34:00.758+0300 [DEBUG] [org.gradle.internal.remote.internal.inet.InetAddresses] Is this a loopback interface? false
2024-06-28T12:34:00.758+0300 [DEBUG] [org.gradle.internal.remote.internal.inet.InetAddresses] Adding IP addresses for network interface WAN Miniport (IPv6)-QoS Packet Scheduler-0000
2024-06-28T12:34:00.763+0300 [DEBUG] [org.gradle.internal.remote.internal.inet.InetAddresses] Is this a loopback interface? false
2024-06-28T12:34:00.763+0300 [DEBUG] [org.gradle.internal.remote.internal.inet.InetAddresses] Adding IP addresses for network interface WAN Miniport (Network Monitor)-WFP Native MAC Layer LightWeight Filter-0000
2024-06-28T12:34:00.767+0300 [DEBUG] [org.gradle.internal.remote.internal.inet.InetAddresses] Is this a loopback interface? false
2024-06-28T12:34:00.767+0300 [DEBUG] [org.gradle.internal.remote.internal.inet.InetAddresses] Adding IP addresses for network interface WAN Miniport (Network Monitor)-QoS Packet Scheduler-0000
2024-06-28T12:34:00.770+0300 [DEBUG] [org.gradle.internal.remote.internal.inet.InetAddresses] Is this a loopback interface? false
2024-06-28T12:34:00.783+0300 [DEBUG] [org.gradle.internal.remote.internal.inet.TcpIncomingConnector] Listening on [f8c6247f-b65f-4cfa-8acc-8c49dd6a150d port:55175, addresses:[localhost/127.0.0.1]].
2024-06-28T12:34:00.810+0300 [DEBUG] [org.gradle.launcher.daemon.server.Daemon] Daemon starting at: Fri Jun 28 12:34:00 IDT 2024, with address: [f8c6247f-b65f-4cfa-8acc-8c49dd6a150d port:55175, addresses:[localhost/127.0.0.1]]
2024-06-28T12:34:00.810+0300 [INFO] [org.gradle.launcher.daemon.server.DaemonRegistryUpdater] Advertising the daemon address to the clients: [f8c6247f-b65f-4cfa-8acc-8c49dd6a150d port:55175, addresses:[localhost/127.0.0.1]]
2024-06-28T12:34:00.810+0300 [DEBUG] [org.gradle.launcher.daemon.server.DaemonRegistryUpdater] Advertised daemon context: DefaultDaemonContext[uid=d6e14e8c-35a1-422a-b8b5-434586fd353b,javaHome=C:\Program Files\Android\Android Studio1\jbr,daemonRegistryDir=C:\Users\omers\Desktop\CouponChest-Kotlin-App\CouponChest-Kotlin-App\gradle\daemon,pid=11196,idleTimeout=10800000,priority=NORMAL,applyInstrumentationAgent=true,daemonOpts=--add-opens=java.base/java.util=ALL-UNNAMED,--add-opens=java.base/java.lang=ALL-UNNAMED,--add-opens=java.base/java.lang.invoke=ALL-UNNAMED,--add-opens=java.prefs/java.util.prefs=ALL-UNNAMED,--add-opens=java.base/java.nio.charset=ALL-UNNAMED,--add-opens=java.base/java.net=ALL-UNNAMED,--add-opens=java.base/java.util.concurrent.atomic=ALL-UNNAMED,-Xmx2048m,-Dfile.encoding=UTF-8,-Duser.country=IL,-Duser.language=he,-Duser.variant]
2024-06-28T12:34:00.811+0300 [DEBUG] [org.gradle.launcher.daemon.registry.PersistentDaemonRegistry] Storing daemon address: [f8c6247f-b65f-4cfa-8acc-8c49dd6a150d port:55175, addresses:[localhost/127.0.0.1]], context: DefaultDaemonContext[uid=d6e14e8c-35a1-422a-b8b5-434586fd353b,javaHome=C:\Program Files\Android\Android Studio1\jbr,daemonRegistryDir=C:\Users\omers\Desktop\CouponChest-Kotlin-App\CouponChest-Kotlin-App\gradle\daemon,pid=11196,idleTimeout=10800000,priority=NORMAL,applyInstrumentationAgent=true,daemonOpts=--add-opens=java.base/java.util=ALL-UNNAMED,--add-opens=java.base/java.lang=ALL-UNNAMED,--add-opens=java.base/java.lang.invoke=ALL-UNNAMED,--add-opens=java.prefs/java.util.prefs=ALL-UNNAMED,--add-opens=java.base/java.nio.charset=ALL-UNNAMED,--add-opens=java.base/java.net=ALL-UNNAMED,--add-opens=java.base/java.util.concurrent.atomic=ALL-UNNAMED,-Xmx2048m,-Dfile.encoding=UTF-8,-Duser.country=IL,-Duser.language=he,-Duser.variant]
2024-06-28T12:34:00.829+0300 [DEBUG] [org.gradle.cache.internal.DefaultFileLockManager] Waiting to acquire exclusive lock on daemon addresses registry.
2024-06-28T12:34:00.834+0300 [DEBUG] [org.gradle.cache.internal.DefaultFileLockManager] Lock acquired on daemon addresses registry.
2024-06-28T12:34:00.840+0300 [DEBUG] [org.gradle.cache.internal.DefaultFileLockManager] Releasing lock on daemon addresses registry.
2024-06-28T12:34:00.841+0300 [LIFECYCLE] [org.gradle.launcher.daemon.server.Daemon] Daemon server started.
2024-06-28T12:34:00.842+0300 [DEBUG] [org.gradle.launcher.daemon.bootstrap.DaemonStartupCommunication] Completed writing the daemon greeting. Closing streams...
2024-06-28T12:34:00.848+0300 [DEBUG] [org.gradle.launcher.daemon.server.Daemon] stopOnExpiration() called on daemon
2024-06-28T12:34:00.849+0300 [DEBUG] [org.gradle.launcher.daemon.server.Daemon] awaitExpiration() called on daemon
2024-06-28T12:34:00.849+0300 [DEBUG] [org.gradle.launcher.daemon.server.DaemonStateCoordinator] daemon is running. Sleeping until state changes.
2024-06-28T12:34:00.869+0300 [DEBUG] [org.gradle.internal.remote.internal.inet.TcpIncomingConnector] Accepted connection from /127.0.0.1:55176 to /127.0.0.1:55175.
2024-06-28T12:34:00.969+0300 [DEBUG] [org.gradle.launcher.daemon.server.SynchronizedDispatchConnection] thread 22: received class org.gradle.launcher.daemon.protocol.Build
2024-06-28T12:34:00.969+0300 [DEBUG] [org.gradle.launcher.daemon.server.DefaultDaemonConnection] thread 22: Received non-IO message from client: Build{id=4120dcd7-c473-4da2-a22d-086cae8bca9d, currentDir=C:\Users\omers\Desktop\CouponChest-Kotlin-App\CouponChest-Kotlin-App}
2024-06-28T12:34:00.969+0300 [INFO] [org.gradle.launcher.daemon.server.DefaultIncomingConnectionHandler] Received command: Build{id=4120dcd7-c473-4da2-a22d-086cae8bca9d, currentDir=C:\Users\omers\Desktop\CouponChest-Kotlin-App\CouponChest-Kotlin-App}.
2024-06-28T12:34:00.970+0300 [DEBUG] [org.gradle.launcher.daemon.server.DefaultIncomingConnectionHandler] Starting executing command: Build{id=4120dcd7-c473-4da2-a22d-086cae8bca9d, currentDir=C:\Users\omers\Desktop\CouponChest-Kotlin-App\CouponChest-Kotlin-App} with connection: socket connection from /127.0.0.1:55175 to /127.0.0.1:55176.
2024-06-28T12:34:00.972+0300 [DEBUG] [org.gradle.launcher.daemon.server.DaemonStateCoordinator] Command execution: started DaemonCommandExecution[command = Build{id=4120dcd7-c473-4da2-a22d-086cae8bca9d, currentDir=C:\Users\omers\Desktop\CouponChest-Kotlin-App\CouponChest-Kotlin-App}, connection = DefaultDaemonConnection: socket connection from /127.0.0.1:55175 to /127.0.0.1:55176] after 0.0 minutes of idle
2024-06-28T12:34:00.972+0300 [INFO] [org.gradle.launcher.daemon.server.DaemonRegistryUpdater] Marking the daemon as busy, address: [f8c6247f-b65f-4cfa-8acc-8c49dd6a150d port:55175, addresses:[localhost/127.0.0.1]]
2024-06-28T12:34:00.972+0300 [DEBUG] [org.gradle.launcher.daemon.registry.PersistentDaemonRegistry] Marking busy by address: [f8c6247f-b65f-4cfa-8acc-8c49dd6a150d port:55175, addresses:[localhost/127.0.0.1]]
2024-06-28T12:34:00.973+0300 [DEBUG] [org.gradle.cache.internal.DefaultFileLockManager] Waiting to acquire exclusive lock on daemon addresses registry.
2024-06-28T12:34:00.974+0300 [DEBUG] [org.gradle.cache.internal.DefaultFileLockManager] Lock acquired on daemon addresses registry.
2024-06-28T12:34:00.975+0300 [DEBUG] [org.gradle.cache.internal.DefaultFileLockManager] Releasing lock on daemon addresses registry.
2024-06-28T12:34:00.975+0300 [DEBUG] [org.gradle.launcher.daemon.server.DaemonStateCoordinator] resetting idle timer
2024-06-28T12:34:00.975+0300 [DEBUG] [org.gradle.launcher.daemon.server.DaemonStateCoordinator] daemon is running. Sleeping until state changes.
2024-06-28T12:34:00.976+0300 [INFO] [org.gradle.launcher.daemon.server.exec.StartBuildOrRespondWithBusy] Daemon is about to start building Build{id=4120dcd7-c473-4da2-a22d-086cae8bca9d, currentDir=C:\Users\omers\Desktop\CouponChest-Kotlin-App\CouponChest-Kotlin-App}. Dispatching build started information...
2024-06-28T12:34:00.976+0300 [DEBUG] [org.gradle.launcher.daemon.server.SynchronizedDispatchConnection] thread 24: dispatching org.gradle.launcher.daemon.protocol.BuildStarted@595ddfe
2024-06-28T12:34:00.978+0300 [DEBUG] [org.gradle.launcher.daemon.server.exec.EstablishBuildEnvironment] Configuring env variables: [USERDOMAIN_ROAMINGPROFILE, OneDriveCommercial, LOCALAPPDATA, PROCESSOR_LEVEL, USERDOMAIN, FPS_BROWSER_APP_PROFILE_STRING, LOGONSERVER, SESSIONNAME, ALLUSERSPROFILE, PROCESSOR_ARCHITECTURE, RlsSvcPort, PSModulePath, SystemDrive, OneDrive, APPDATA, ACSvcPort, USERNAME, ProgramFiles(x86), VBOX_MSI_INSTALL_PATH, ACSetupSvcPort, CommonProgramFiles, Path, FPS_BROWSER_USER_PROFILE_STRING, PATHEXT, DriverData, OS, COMPUTERNAME, PROCESSOR_REVISION, CommonProgramW6432, ComSpec, ProgramData, ProgramW6432, EFC_5964, TEMP, HOMEPATH, SystemRoot, PROCESSOR_IDENTIFIER, HOMEDRIVE, USERPROFILE, TMP, CommonProgramFiles(x86), ProgramFiles, PUBLIC, windir, NUMBER_OF_PROCESSORS, =::, IDEA_INITIAL_DIRECTORY]
2024-06-28T12:34:00.980+0300 [DEBUG] [org.gradle.launcher.daemon.server.SynchronizedDispatchConnection] thread 22: received class org.gradle.launcher.daemon.protocol.CloseInput
2024-06-28T12:34:00.980+0300 [DEBUG] [org.gradle.launcher.daemon.server.DefaultDaemonConnection] thread 22: Received IO message from client: org.gradle.launcher.daemon.protocol.CloseInput@2e024928
2024-06-28T12:34:00.988+0300 [DEBUG] [org.gradle.launcher.daemon.server.exec.LogToClient] About to start relaying all logs to the client via the connection.
2024-06-28T12:34:00.988+0300 [INFO] [org.gradle.launcher.daemon.server.exec.LogToClient] The client will now receive all logging from the daemon (pid: 11196). The daemon log file: C:\Users\omers\Desktop\CouponChest-Kotlin-App\CouponChest-Kotlin-App\gradle\daemon\8.7\daemon-11196.out.log
2024-06-28T12:34:00.994+0300 [INFO] [org.gradle.launcher.daemon.server.exec.LogAndCheckHealth] Starting build in new daemon [memory: 2 GiB]
2024-06-28T12:34:00.996+0300 [INFO] [org.gradle.launcher.daemon.server.exec.ForwardClientInput] Closing daemon's stdin at end of input.
2024-06-28T12:34:00.996+0300 [INFO] [org.gradle.launcher.daemon.server.exec.ForwardClientInput] The daemon will no longer process any standard input.
2024-06-28T12:34:00.997+0300 [DEBUG] [org.gradle.launcher.daemon.server.exec.ExecuteBuild] The daemon has started executing the build.
2024-06-28T12:34:00.998+0300 [DEBUG] [org.gradle.launcher.daemon.server.exec.ExecuteBuild] Executing build with daemon context: DefaultDaemonContext[uid=d6e14e8c-35a1-422a-b8b5-434586fd353b,javaHome=C:\Program Files\Android\Android Studio1\jbr,daemonRegistryDir=C:\Users\omers\Desktop\CouponChest-Kotlin-App\CouponChest-Kotlin-App\gradle\daemon,pid=11196,idleTimeout=10800000,priority=NORMAL,applyInstrumentationAgent=true,daemonOpts=--add-opens=java.base/java.util=ALL-UNNAMED,--add-opens=java.base/java.lang=ALL-UNNAMED,--add-opens=java.base/java.lang.invoke=ALL-UNNAMED,--add-opens=java.prefs/java.util.prefs=ALL-UNNAMED,--add-opens=java.base/java.nio.charset=ALL-UNNAMED,--add-opens=java.base/java.net=ALL-UNNAMED,--add-opens=java.base/java.util.concurrent.atomic=ALL-UNNAMED,-Xmx2048m,-Dfile.encoding=UTF-8,-Duser.country=IL,-Duser.language=he,-Duser.variant]

Deprecated Gradle features were used in this build, making it incompatible with Gradle 9.0.

You can use '--warning-mode all' to show the individual deprecation warnings and determine if they come from your own scripts or plugins.

For more on this, please refer to https://docs.gradle.org/8.7/userguide/command_line_interface.html#sec:command_line_warnings in the Gradle documentation.

BUILD SUCCESSFUL in 29s
41 actionable tasks: 41 up-to-date
2024-06-28T12:34:27.858+0300 [DEBUG] [org.gradle.launcher.daemon.server.exec.ExecuteBuild] The daemon has finished executing the build.
2024-06-28T12:34:27.876+0300 [DEBUG] [org.gradle.launcher.daemon.server.DaemonStateCoordinator] daemon is running. Sleeping until state changes.
2024-06-28T12:34:27.876+0300 [DEBUG] [org.gradle.launcher.daemon.server.DaemonStateCoordinator] Command execution: finished waiting for DaemonCommandExecution[command = Build{id=4120dcd7-c473-4da2-a22d-086cae8bca9d, currentDir=C:\Users\omers\Desktop\CouponChest-Kotlin-App\CouponChest-Kotlin-App}, connection = DefaultDaemonConnection: socket connection from /127.0.0.1:55175 to /127.0.0.1:55176]. Result org.gradle.launcher.daemon.server.DaemonStateCoordinator@5716f6b6 with state Busy
2024-06-28T12:34:27.876+0300 [DEBUG] [org.gradle.launcher.daemon.server.DaemonStateCoordinator] Command execution: completed DaemonCommandExecution[command = Build{id=4120dcd7-c473-4da2-a22d-086cae8bca9d, currentDir=C:\Users\omers\Desktop\CouponChest-Kotlin-App\CouponChest-Kotlin-App}, connection = DefaultDaemonConnection: socket connection from /127.0.0.1:55175 to /127.0.0.1:55176]
2024-06-28T12:34:27.876+0300 [DEBUG] [org.gradle.launcher.daemon.server.DaemonStateCoordinator] resetting idle timer
2024-06-28T12:34:27.877+0300 [INFO] [org.gradle.launcher.daemon.server.DaemonRegistryUpdater] Marking the daemon as idle, address: [f8c6247f-b65f-4cfa-8acc-8c49dd6a150d port:55175, addresses:[localhost/127.0.0.1]]
2024-06-28T12:34:27.877+0300 [DEBUG] [org.gradle.launcher.daemon.registry.PersistentDaemonRegistry] Marking busy by address: [f8c6247f-b65f-4cfa-8acc-8c49dd6a150d port:55175, addresses:[localhost/127.0.0.1]]
2024-06-28T12:34:27.879+0300 [DEBUG] [org.gradle.cache.internal.DefaultFileLockManager] Waiting to acquire exclusive lock on daemon addresses registry.
2024-06-28T12:34:27.880+0300 [DEBUG] [org.gradle.cache.internal.DefaultFileLockManager] Lock acquired on daemon addresses registry.
2024-06-28T12:34:27.881+0300 [DEBUG] [org.gradle.cache.internal.DefaultFileLockManager] Releasing lock on daemon addresses registry.
2024-06-28T12:34:27.882+0300 [DEBUG] [org.gradle.launcher.daemon.server.DaemonStateCoordinator] daemon is running. Sleeping until state changes.
2024-06-28T12:34:27.882+0300 [DEBUG] [org.gradle.launcher.daemon.server.exec.ReturnResult] Daemon is dispatching the build result: Success[value=org.gradle.launcher.exec.BuildActionResult@538a7e4]
2024-06-28T12:34:27.883+0300 [DEBUG] [org.gradle.launcher.daemon.server.SynchronizedDispatchConnection] thread 21: dispatching Success[value=org.gradle.launcher.exec.BuildActionResult@538a7e4]
2024-06-28T12:34:27.885+0300 [DEBUG] [org.gradle.launcher.daemon.server.SynchronizedDispatchConnection] thread 22: received class org.gradle.launcher.daemon.protocol.Finished
2024-06-28T12:34:27.885+0300 [DEBUG] [org.gradle.launcher.daemon.server.DefaultIncomingConnectionHandler] Finishing executing command: Build{id=4120dcd7-c473-4da2-a22d-086cae8bca9d, currentDir=C:\Users\omers\Desktop\CouponChest-Kotlin-App\CouponChest-Kotlin-App}
2024-06-28T12:34:27.885+0300 [DEBUG] [org.gradle.launcher.daemon.server.DefaultDaemonConnection] thread 22: Received non-IO message from client: org.gradle.launcher.daemon.protocol.Finished@3ba11e2d
2024-06-28T12:34:27.885+0300 [DEBUG] [org.gradle.launcher.daemon.server.exec.CleanUpVirtualFileSystemAfterBuild] Cleaning virtual file system after build finished
2024-06-28T12:34:27.885+0300 [DEBUG] [org.gradle.launcher.daemon.server.DefaultIncomingConnectionHandler] Received finished message: org.gradle.launcher.daemon.protocol.Finished@3ba11e2d
2024-06-28T12:34:27.886+0300 [DEBUG] [org.gradle.launcher.daemon.server.SynchronizedDispatchConnection] thread 21: stopping connection
2024-06-28T12:34:27.886+0300 [DEBUG] [org.gradle.internal.remote.internal.inet.SocketConnection] Discarding EOFException: java.io.EOFException
2024-06-28T12:34:27.886+0300 [DEBUG] [org.gradle.launcher.daemon.server.SynchronizedDispatchConnection] thread 22: received null
2024-06-28T12:34:27.886+0300 [DEBUG] [org.gradle.launcher.daemon.server.DefaultDaemonConnection] thread 22: Received end-of-input from client.
2024-06-28T12:34:27.887+0300 [DEBUG] [org.gradle.launcher.daemon.server.SynchronizedDispatchConnection] thread 21: stopping connection
2024-06-28T12:34:30.868+0300 [DEBUG] [org.gradle.cache.internal.DefaultFileLockManager] Waiting to acquire shared lock on daemon addresses registry.
2024-06-28T12:34:30.870+0300 [DEBUG] [org.gradle.cache.internal.DefaultFileLockManager] Lock acquired on daemon addresses registry.
2024-06-28T12:34:30.871+0300 [DEBUG] [org.gradle.cache.internal.DefaultFileLockManager] Releasing lock on daemon addresses registry.
2024-06-28T12:34:30.873+0300 [DEBUG] [org.gradle.cache.internal.DefaultFileLockManager] Waiting to acquire shared lock on daemon addresses registry.
2024-06-28T12:34:30.873+0300 [DEBUG] [org.gradle.cache.internal.DefaultFileLockManager] Lock acquired on daemon addresses registry.
2024-06-28T12:34:30.874+0300 [DEBUG] [org.gradle.cache.internal.DefaultFileLockManager] Releasing lock on daemon addresses registry.
2024-06-28T12:34:40.859+0300 [DEBUG] [org.gradle.cache.internal.DefaultFileLockManager] Waiting to acquire shared lock on daemon addresses registry.
2024-06-28T12:34:40.862+0300 [DEBUG] [org.gradle.cache.internal.DefaultFileLockManager] Lock acquired on daemon addresses registry.
2024-06-28T12:34:40.864+0300 [DEBUG] [org.gradle.cache.internal.DefaultFileLockManager] Releasing lock on daemon addresses registry.
2024-06-28T12:34:40.877+0300 [DEBUG] [org.gradle.cache.internal.DefaultFileLockManager] Waiting to acquire shared lock on daemon addresses registry.
2024-06-28T12:34:40.881+0300 [DEBUG] [org.gradle.cache.internal.DefaultFileLockManager] Lock acquired on daemon addresses registry.
2024-06-28T12:34:40.882+0300 [DEBUG] [org.gradle.cache.internal.DefaultFileLockManager] Releasing lock on daemon addresses registry.
2024-06-28T12:34:40.886+0300 [DEBUG] [org.gradle.cache.internal.DefaultFileLockManager] Waiting to acquire shared lock on daemon addresses registry.
2024-06-28T12:34:40.887+0300 [DEBUG] [org.gradle.cache.internal.DefaultFileLockManager] Lock acquired on daemon addresses registry.
2024-06-28T12:34:40.889+0300 [DEBUG] [org.gradle.cache.internal.DefaultFileLockManager] Releasing lock on daemon addresses registry.
2024-06-28T12:34:50.857+0300 [DEBUG] [org.gradle.cache.internal.DefaultFileLockManager] Waiting to acquire shared lock on daemon addresses registry.
2024-06-28T12:34:50.857+0300 [DEBUG] [org.gradle.cache.internal.DefaultFileLockManager] Lock acquired on daemon addresses registry.
2024-06-28T12:34:50.857+0300 [DEBUG] [org.gradle.cache.internal.DefaultFileLockManager] Releasing lock on daemon addresses registry.
2024-06-28T12:34:50.860+0300 [DEBUG] [org.gradle.cache.internal.DefaultFileLockManager] Waiting to acquire shared lock on daemon addresses registry.
2024-06-28T12:34:50.861+0300 [DEBUG] [org.gradle.cache.internal.DefaultFileLockManager] Lock acquired on daemon addresses registry.
2024-06-28T12:34:50.861+0300 [DEBUG] [org.gradle.cache.internal.DefaultFileLockManager] Releasing lock on daemon addresses registry.
2024-06-28T12:34:50.863+0300 [DEBUG] [org.gradle.cache.internal.DefaultFileLockManager] Waiting to acquire shared lock on daemon addresses registry.
2024-06-28T12:34:50.863+0300 [DEBUG] [org.gradle.cache.internal.DefaultFileLockManager] Lock acquired on daemon addresses registry.
2024-06-28T12:34:50.864+0300 [DEBUG] [org.gradle.cache.internal.DefaultFileLockManager] Releasing lock on daemon addresses registry.
2024-06-28T12:35:00.864+0300 [DEBUG] [org.gradle.cache.internal.DefaultFileLockManager] Waiting to acquire shared lock on daemon addresses registry.
2024-06-28T12:35:00.864+0300 [DEBUG] [org.gradle.cache.internal.DefaultFileLockManager] Lock acquired on daemon addresses registry.
2024-06-28T12:35:00.864+0300 [DEBUG] [org.gradle.cache.internal.DefaultFileLockManager] Releasing lock on daemon addresses registry.
2024-06-28T12:35:00.866+0300 [DEBUG] [org.gradle.cache.internal.DefaultFileLockManager] Waiting to acquire shared lock on daemon addresses registry.
2024-06-28T12:35:00.866+0300 [DEBUG] [org.gradle.cache.internal.DefaultFileLockManager] Lock acquired on daemon addresses registry.
2024-06-28T12:35:00.866+0300 [DEBUG] [org.gradle.cache.internal.DefaultFileLockManager] Releasing lock on daemon addresses registry.
2024-06-28T12:35:00.868+0300 [DEBUG] [org.gradle.cache.internal.DefaultFileLockManager] Waiting to acquire shared lock on daemon addresses registry.
2024-06-28T12:35:00.868+0300 [DEBUG] [org.gradle.cache.internal.DefaultFileLockManager] Lock acquired on daemon addresses registry.
2024-06-28T12:35:00.868+0300 [DEBUG] [org.gradle.cache.internal.DefaultFileLockManager] Releasing lock on daemon addresses registry.
2024-06-28T12:35:10.859+0300 [DEBUG] [org.gradle.cache.internal.DefaultFileLockManager] Waiting to acquire shared lock on daemon addresses registry.
2024-06-28T12:35:10.860+0300 [DEBUG] [org.gradle.cache.internal.DefaultFileLockManager] Lock acquired on daemon addresses registry.
2024-06-28T12:35:10.860+0300 [DEBUG] [org.gradle.cache.internal.DefaultFileLockManager] Releasing lock on daemon addresses registry.
2024-06-28T12:35:10.863+0300 [DEBUG] [org.gradle.cache.internal.DefaultFileLockManager] Waiting to acquire shared lock on daemon addresses registry.
2024-06-28T12:35:10.864+0300 [DEBUG] [org.gradle.cache.internal.DefaultFileLockManager] Lock acquired on daemon addresses registry.
2024-06-28T12:35:10.864+0300 [DEBUG] [org.gradle.cache.internal.DefaultFileLockManager] Releasing lock on daemon addresses registry.
2024-06-28T12:35:10.886+0300 [DEBUG] [org.gradle.cache.internal.DefaultFileLockManager] Waiting to acquire shared lock on daemon addresses registry.
2024-06-28T12:35:10.886+0300 [DEBUG] [org.gradle.cache.internal.DefaultFileLockManager] Lock acquired on daemon addresses registry.
2024-06-28T12:35:10.887+0300 [DEBUG] [org.gradle.cache.internal.DefaultFileLockManager] Releasing lock on daemon addresses registry.
2024-06-28T12:35:20.858+0300 [DEBUG] [org.gradle.cache.internal.DefaultFileLockManager] Waiting to acquire shared lock on daemon addresses registry.
2024-06-28T12:35:20.859+0300 [DEBUG] [org.gradle.cache.internal.DefaultFileLockManager] Lock acquired on daemon addresses registry.
2024-06-28T12:35:20.859+0300 [DEBUG] [org.gradle.cache.internal.DefaultFileLockManager] Releasing lock on daemon addresses registry.
2024-06-28T12:35:20.861+0300 [DEBUG] [org.gradle.cache.internal.DefaultFileLockManager] Waiting to acquire shared lock on daemon addresses registry.
2024-06-28T12:35:20.862+0300 [DEBUG] [org.gradle.cache.internal.DefaultFileLockManager] Lock acquired on daemon addresses registry.
2024-06-28T12:35:20.862+0300 [DEBUG] [org.gradle.cache.internal.DefaultFileLockManager] Releasing lock on daemon addresses registry.
2024-06-28T12:35:20.863+0300 [DEBUG] [org.gradle.cache.internal.DefaultFileLockManager] Waiting to acquire shared lock on daemon addresses registry.
2024-06-28T12:35:20.864+0300 [DEBUG] [org.gradle.cache.internal.DefaultFileLockManager] Lock acquired on daemon addresses registry.
2024-06-28T12:35:20.864+0300 [DEBUG] [org.gradle.cache.internal.DefaultFileLockManager] Releasing lock on daemon addresses registry.
2024-06-28T12:35:30.855+0300 [DEBUG] [org.gradle.cache.internal.DefaultFileLockManager] Waiting to acquire shared lock on daemon addresses registry.
2024-06-28T12:35:30.856+0300 [DEBUG] [org.gradle.cache.internal.DefaultFileLockManager] Lock acquired on daemon addresses registry.
2024-06-28T12:35:30.857+0300 [DEBUG] [org.gradle.cache.internal.DefaultFileLockManager] Releasing lock on daemon addresses registry.
2024-06-28T12:35:30.860+0300 [DEBUG] [org.gradle.cache.internal.DefaultFileLockManager] Waiting to acquire shared lock on daemon addresses registry.
2024-06-28T12:35:30.860+0300 [DEBUG] [org.gradle.cache.internal.DefaultFileLockManager] Lock acquired on daemon addresses registry.
2024-06-28T12:35:30.861+0300 [DEBUG] [org.gradle.cache.internal.DefaultFileLockManager] Releasing lock on daemon addresses registry.
2024-06-28T12:35:30.863+0300 [DEBUG] [org.gradle.cache.internal.DefaultFileLockManager] Waiting to acquire shared lock on daemon addresses registry.
2024-06-28T12:35:30.864+0300 [DEBUG] [org.gradle.cache.internal.DefaultFileLockManager] Lock acquired on daemon addresses registry.
2024-06-28T12:35:30.864+0300 [DEBUG] [org.gradle.cache.internal.DefaultFileLockManager] Releasing lock on daemon addresses registry.
2024-06-28T12:35:40.866+0300 [DEBUG] [org.gradle.cache.internal.DefaultFileLockManager] Waiting to acquire shared lock on daemon addresses registry.
2024-06-28T12:35:40.867+0300 [DEBUG] [org.gradle.cache.internal.DefaultFileLockManager] Lock acquired on daemon addresses registry.
2024-06-28T12:35:40.868+0300 [DEBUG] [org.gradle.cache.internal.DefaultFileLockManager] Releasing lock on daemon addresses registry.
2024-06-28T12:35:40.876+0300 [DEBUG] [org.gradle.cache.internal.DefaultFileLockManager] Waiting to acquire shared lock on daemon addresses registry.
2024-06-28T12:35:40.877+0300 [DEBUG] [org.gradle.cache.internal.DefaultFileLockManager] Lock acquired on daemon addresses registry.
2024-06-28T12:35:40.880+0300 [DEBUG] [org.gradle.cache.internal.DefaultFileLockManager] Releasing lock on daemon addresses registry.
2024-06-28T12:35:40.882+0300 [DEBUG] [org.gradle.cache.internal.DefaultFileLockManager] Waiting to acquire shared lock on daemon addresses registry.
2024-06-28T12:35:40.883+0300 [DEBUG] [org.gradle.cache.internal.DefaultFileLockManager] Lock acquired on daemon addresses registry.
2024-06-28T12:35:40.883+0300 [DEBUG] [org.gradle.cache.internal.DefaultFileLockManager] Releasing lock on daemon addresses registry.
2024-06-28T12:35:50.856+0300 [DEBUG] [org.gradle.cache.internal.DefaultFileLockManager] Waiting to acquire shared lock on daemon addresses registry.
2024-06-28T12:35:50.856+0300 [DEBUG] [org.gradle.cache.internal.DefaultFileLockManager] Lock acquired on daemon addresses registry.
2024-06-28T12:35:50.856+0300 [DEBUG] [org.gradle.cache.internal.DefaultFileLockManager] Releasing lock on daemon addresses registry.
2024-06-28T12:35:50.857+0300 [DEBUG] [org.gradle.cache.internal.DefaultFileLockManager] Waiting to acquire shared lock on daemon addresses registry.
2024-06-28T12:35:50.858+0300 [DEBUG] [org.gradle.cache.internal.DefaultFileLockManager] Lock acquired on daemon addresses registry.
2024-06-28T12:35:50.858+0300 [DEBUG] [org.gradle.cache.internal.DefaultFileLockManager] Releasing lock on daemon addresses registry.
2024-06-28T12:35:50.859+0300 [DEBUG] [org.gradle.cache.internal.DefaultFileLockManager] Waiting to acquire shared lock on daemon addresses registry.
2024-06-28T12:35:50.859+0300 [DEBUG] [org.gradle.cache.internal.DefaultFileLockManager] Lock acquired on daemon addresses registry.
2024-06-28T12:35:50.860+0300 [DEBUG] [org.gradle.cache.internal.DefaultFileLockManager] Releasing lock on daemon addresses registry.
2024-06-28T12:36:00.857+0300 [DEBUG] [org.gradle.cache.internal.DefaultFileLockManager] Waiting to acquire shared lock on daemon addresses registry.
2024-06-28T12:36:00.857+0300 [DEBUG] [org.gradle.cache.internal.DefaultFileLockManager] Lock acquired on daemon addresses registry.
2024-06-28T12:36:00.858+0300 [DEBUG] [org.gradle.cache.internal.DefaultFileLockManager] Releasing lock on daemon addresses registry.
2024-06-28T12:36:00.859+0300 [DEBUG] [org.gradle.cache.internal.DefaultFileLockManager] Waiting to acquire shared lock on daemon addresses registry.
2024-06-28T12:36:00.859+0300 [DEBUG] [org.gradle.cache.internal.DefaultFileLockManager] Lock acquired on daemon addresses registry.
2024-06-28T12:36:00.860+0300 [DEBUG] [org.gradle.cache.internal.DefaultFileLockManager] Releasing lock on daemon addresses registry.
2024-06-28T12:36:00.861+0300 [DEBUG] [org.gradle.cache.internal.DefaultFileLockManager] Waiting to acquire shared lock on daemon addresses registry.
2024-06-28T12:36:00.861+0300 [DEBUG] [org.gradle.cache.internal.DefaultFileLockManager] Lock acquired on daemon addresses registry.
2024-06-28T12:36:00.862+0300 [DEBUG] [org.gradle.cache.internal.DefaultFileLockManager] Releasing lock on daemon addresses registry.
2024-06-28T12:36:10.857+0300 [DEBUG] [org.gradle.cache.internal.DefaultFileLockManager] Waiting to acquire shared lock on daemon addresses registry.
2024-06-28T12:36:10.857+0300 [DEBUG] [org.gradle.cache.internal.DefaultFileLockManager] Lock acquired on daemon addresses registry.
2024-06-28T12:36:10.858+0300 [DEBUG] [org.gradle.cache.internal.DefaultFileLockManager] Releasing lock on daemon addresses registry.
2024-06-28T12:36:10.859+0300 [DEBUG] [org.gradle.cache.internal.DefaultFileLockManager] Waiting to acquire shared lock on daemon addresses registry.
2024-06-28T12:36:10.860+0300 [DEBUG] [org.gradle.cache.internal.DefaultFileLockManager] Lock acquired on daemon addresses registry.
2024-06-28T12:36:10.860+0300 [DEBUG] [org.gradle.cache.internal.DefaultFileLockManager] Releasing lock on daemon addresses registry.
2024-06-28T12:36:10.861+0300 [DEBUG] [org.gradle.cache.internal.DefaultFileLockManager] Waiting to acquire shared lock on daemon addresses registry.
2024-06-28T12:36:10.861+0300 [DEBUG] [org.gradle.cache.internal.DefaultFileLockManager] Lock acquired on daemon addresses registry.
2024-06-28T12:36:10.861+0300 [DEBUG] [org.gradle.cache.internal.DefaultFileLockManager] Releasing lock on daemon addresses registry.
2024-06-28T12:36:20.854+0300 [DEBUG] [org.gradle.cache.internal.DefaultFileLockManager] Waiting to acquire shared lock on daemon addresses registry.
2024-06-28T12:36:20.854+0300 [DEBUG] [org.gradle.cache.internal.DefaultFileLockManager] Lock acquired on daemon addresses registry.
2024-06-28T12:36:20.854+0300 [DEBUG] [org.gradle.cache.internal.DefaultFileLockManager] Releasing lock on daemon addresses registry.
2024-06-28T12:36:20.855+0300 [DEBUG] [org.gradle.cache.internal.DefaultFileLockManager] Waiting to acquire shared lock on daemon addresses registry.
2024-06-28T12:36:20.855+0300 [DEBUG] [org.gradle.cache.internal.DefaultFileLockManager] Lock acquired on daemon addresses registry.
2024-06-28T12:36:20.855+0300 [DEBUG] [org.gradle.cache.internal.DefaultFileLockManager] Releasing lock on daemon addresses registry.
2024-06-28T12:36:20.856+0300 [DEBUG] [org.gradle.cache.internal.DefaultFileLockManager] Waiting to acquire shared lock on daemon addresses registry.
2024-06-28T12:36:20.856+0300 [DEBUG] [org.gradle.cache.internal.DefaultFileLockManager] Lock acquired on daemon addresses registry.
2024-06-28T12:36:20.857+0300 [DEBUG] [org.gradle.cache.internal.DefaultFileLockManager] Releasing lock on daemon addresses registry.
2024-06-28T12:36:30.860+0300 [DEBUG] [org.gradle.cache.internal.DefaultFileLockManager] Waiting to acquire shared lock on daemon addresses registry.
2024-06-28T12:36:30.860+0300 [DEBUG] [org.gradle.cache.internal.DefaultFileLockManager] Lock acquired on daemon addresses registry.
2024-06-28T12:36:30.861+0300 [DEBUG] [org.gradle.cache.internal.DefaultFileLockManager] Releasing lock on daemon addresses registry.
2024-06-28T12:36:30.862+0300 [DEBUG] [org.gradle.cache.internal.DefaultFileLockManager] Waiting to acquire shared lock on daemon addresses registry.
2024-06-28T12:36:30.862+0300 [DEBUG] [org.gradle.cache.internal.DefaultFileLockManager] Lock acquired on daemon addresses registry.
2024-06-28T12:36:30.863+0300 [DEBUG] [org.gradle.cache.internal.DefaultFileLockManager] Releasing lock on daemon addresses registry.
2024-06-28T12:36:30.865+0300 [DEBUG] [org.gradle.cache.internal.DefaultFileLockManager] Waiting to acquire shared lock on daemon addresses registry.
2024-06-28T12:36:30.866+0300 [DEBUG] [org.gradle.cache.internal.DefaultFileLockManager] Lock acquired on daemon addresses registry.
2024-06-28T12:36:30.866+0300 [DEBUG] [org.gradle.cache.internal.DefaultFileLockManager] Releasing lock on daemon addresses registry.
2024-06-28T12:36:40.864+0300 [DEBUG] [org.gradle.cache.internal.DefaultFileLockManager] Waiting to acquire shared lock on daemon addresses registry.
2024-06-28T12:36:40.864+0300 [DEBUG] [org.gradle.cache.internal.DefaultFileLockManager] Lock acquired on daemon addresses registry.
2024-06-28T12:36:40.864+0300 [DEBUG] [org.gradle.cache.internal.DefaultFileLockManager] Releasing lock on daemon addresses registry.
2024-06-28T12:36:40.865+0300 [DEBUG] [org.gradle.cache.internal.DefaultFileLockManager] Waiting to acquire shared lock on daemon addresses registry.
2024-06-28T12:36:40.865+0300 [DEBUG] [org.gradle.cache.internal.DefaultFileLockManager] Lock acquired on daemon addresses registry.
2024-06-28T12:36:40.865+0300 [DEBUG] [org.gradle.cache.internal.DefaultFileLockManager] Releasing lock on daemon addresses registry.
2024-06-28T12:36:40.866+0300 [DEBUG] [org.gradle.cache.internal.DefaultFileLockManager] Waiting to acquire shared lock on daemon addresses registry.
2024-06-28T12:36:40.866+0300 [DEBUG] [org.gradle.cache.internal.DefaultFileLockManager] Lock acquired on daemon addresses registry.
2024-06-28T12:36:40.866+0300 [DEBUG] [org.gradle.cache.internal.DefaultFileLockManager] Releasing lock on daemon addresses registry.
2024-06-28T12:36:50.853+0300 [DEBUG] [org.gradle.cache.internal.DefaultFileLockManager] Waiting to acquire shared lock on daemon addresses registry.
2024-06-28T12:36:50.854+0300 [DEBUG] [org.gradle.cache.internal.DefaultFileLockManager] Lock acquired on daemon addresses registry.
2024-06-28T12:36:50.854+0300 [DEBUG] [org.gradle.cache.internal.DefaultFileLockManager] Releasing lock on daemon addresses registry.
2024-06-28T12:36:50.859+0300 [DEBUG] [org.gradle.cache.internal.DefaultFileLockManager] Waiting to acquire shared lock on daemon addresses registry.
2024-06-28T12:36:50.859+0300 [DEBUG] [org.gradle.cache.internal.DefaultFileLockManager] Lock acquired on daemon addresses registry.
2024-06-28T12:36:50.860+0300 [DEBUG] [org.gradle.cache.internal.DefaultFileLockManager] Releasing lock on daemon addresses registry.
2024-06-28T12:36:50.861+0300 [DEBUG] [org.gradle.cache.internal.DefaultFileLockManager] Waiting to acquire shared lock on daemon addresses registry.
2024-06-28T12:36:50.861+0300 [DEBUG] [org.gradle.cache.internal.DefaultFileLockManager] Lock acquired on daemon addresses registry.
2024-06-28T12:36:50.861+0300 [DEBUG] [org.gradle.cache.internal.DefaultFileLockManager] Releasing lock on daemon addresses registry.
2024-06-28T12:37:00.852+0300 [DEBUG] [org.gradle.cache.internal.DefaultFileLockManager] Waiting to acquire shared lock on daemon addresses registry.
2024-06-28T12:37:00.853+0300 [DEBUG] [org.gradle.cache.internal.DefaultFileLockManager] Lock acquired on daemon addresses registry.
2024-06-28T12:37:00.853+0300 [DEBUG] [org.gradle.cache.internal.DefaultFileLockManager] Releasing lock on daemon addresses registry.
2024-06-28T12:37:00.855+0300 [DEBUG] [org.gradle.cache.internal.DefaultFileLockManager] Waiting to acquire shared lock on daemon addresses registry.
2024-06-28T12:37:00.855+0300 [DEBUG] [org.gradle.cache.internal.DefaultFileLockManager] Lock acquired on daemon addresses registry.
2024-06-28T12:37:00.856+0300 [DEBUG] [org.gradle.cache.internal.DefaultFileLockManager] Releasing lock on daemon addresses registry.
2024-06-28T12:37:00.857+0300 [DEBUG] [org.gradle.cache.internal.DefaultFileLockManager] Waiting to acquire shared lock on daemon addresses registry.
2024-06-28T12:37:00.857+0300 [DEBUG] [org.gradle.cache.internal.DefaultFileLockManager] Lock acquired on daemon addresses registry.
2024-06-28T12:37:00.857+0300 [DEBUG] [org.gradle.cache.internal.DefaultFileLockManager] Releasing lock on daemon addresses registry.
2024-06-28T12:37:09.537+0300 [DEBUG] [org.gradle.process.internal.health.memory.DefaultMemoryManager] 1708485427 physical memory requested, 1699598336 free
2024-06-28T12:37:09.537+0300 [DEBUG] [org.gradle.workers.internal.WorkerDaemonExpiration] Will attempt to release 1629 of memory
2024-06-28T12:37:09.547+0300 [DEBUG] [org.gradle.process.internal.health.memory.DefaultMemoryManager] 1708485427 physical memory requested, 0 released, 1699598336 free
2024-06-28T12:37:10.866+0300 [DEBUG] [org.gradle.cache.internal.DefaultFileLockManager] Waiting to acquire shared lock on daemon addresses registry.
2024-06-28T12:37:10.867+0300 [DEBUG] [org.gradle.cache.internal.DefaultFileLockManager] Lock acquired on daemon addresses registry.
2024-06-28T12:37:10.867+0300 [DEBUG] [org.gradle.cache.internal.DefaultFileLockManager] Releasing lock on daemon addresses registry.
2024-06-28T12:37:10.870+0300 [DEBUG] [org.gradle.cache.internal.DefaultFileLockManager] Waiting to acquire shared lock on daemon addresses registry.
2024-06-28T12:37:10.870+0300 [DEBUG] [org.gradle.cache.internal.DefaultFileLockManager] Lock acquired on daemon addresses registry.
2024-06-28T12:37:10.871+0300 [DEBUG] [org.gradle.cache.internal.DefaultFileLockManager] Releasing lock on daemon addresses registry.
2024-06-28T12:37:10.875+0300 [DEBUG] [org.gradle.cache.internal.DefaultFileLockManager] Waiting to acquire shared lock on daemon addresses registry.
2024-06-28T12:37:10.876+0300 [DEBUG] [org.gradle.cache.internal.DefaultFileLockManager] Lock acquired on daemon addresses registry.
2024-06-28T12:37:10.876+0300 [DEBUG] [org.gradle.cache.internal.DefaultFileLockManager] Releasing lock on daemon addresses registry.
2024-06-28T12:37:14.544+0300 [DEBUG] [org.gradle.process.internal.health.memory.DefaultMemoryManager] 1708485427 physical memory requested, 1663332352 free
2024-06-28T12:37:14.545+0300 [DEBUG] [org.gradle.workers.internal.WorkerDaemonExpiration] Will attempt to release 1629 of memory
2024-06-28T12:37:14.545+0300 [DEBUG] [org.gradle.process.internal.health.memory.DefaultMemoryManager] 1708485427 physical memory requested, 0 released, 1663332352 free
2024-06-28T12:37:19.525+0300 [DEBUG] [org.gradle.process.internal.health.memory.DefaultMemoryManager] 1708485427 physical memory requested, 1636933632 free
2024-06-28T12:37:19.525+0300 [DEBUG] [org.gradle.workers.internal.WorkerDaemonExpiration] Will attempt to release 1629 of memory
2024-06-28T12:37:19.525+0300 [DEBUG] [org.gradle.process.internal.health.memory.DefaultMemoryManager] 1708485427 physical memory requested, 0 released, 1636933632 free
2024-06-28T12:37:20.860+0300 [DEBUG] [org.gradle.cache.internal.DefaultFileLockManager] Waiting to acquire shared lock on daemon addresses registry.
2024-06-28T12:37:20.863+0300 [DEBUG] [org.gradle.cache.internal.DefaultFileLockManager] Lock acquired on daemon addresses registry.
2024-06-28T12:37:20.864+0300 [DEBUG] [org.gradle.cache.internal.DefaultFileLockManager] Releasing lock on daemon addresses registry.
2024-06-28T12:37:20.868+0300 [DEBUG] [org.gradle.cache.internal.DefaultFileLockManager] Waiting to acquire shared lock on daemon addresses registry.
2024-06-28T12:37:20.869+0300 [DEBUG] [org.gradle.cache.internal.DefaultFileLockManager] Lock acquired on daemon addresses registry.
2024-06-28T12:37:20.873+0300 [DEBUG] [org.gradle.cache.internal.DefaultFileLockManager] Releasing lock on daemon addresses registry.
2024-06-28T12:37:20.880+0300 [DEBUG] [org.gradle.cache.internal.DefaultFileLockManager] Waiting to acquire shared lock on daemon addresses registry.
2024-06-28T12:37:20.881+0300 [DEBUG] [org.gradle.cache.internal.DefaultFileLockManager] Lock acquired on daemon addresses registry.
2024-06-28T12:37:20.882+0300 [DEBUG] [org.gradle.cache.internal.DefaultFileLockManager] Releasing lock on daemon addresses registry.
2024-06-28T12:37:24.538+0300 [DEBUG] [org.gradle.process.internal.health.memory.DefaultMemoryManager] 1708485427 physical memory requested, 1628188672 free
2024-06-28T12:37:24.539+0300 [DEBUG] [org.gradle.workers.internal.WorkerDaemonExpiration] Will attempt to release 1629 of memory
2024-06-28T12:37:24.539+0300 [DEBUG] [org.gradle.process.internal.health.memory.DefaultMemoryManager] 1708485427 physical memory requested, 0 released, 1628188672 free
2024-06-28T12:37:28.543+0300 [DEBUG] [org.gradle.internal.remote.internal.inet.TcpIncomingConnector] Accepted connection from /127.0.0.1:55452 to /127.0.0.1:55175.
2024-06-28T12:37:28.592+0300 [DEBUG] [org.gradle.launcher.daemon.server.SynchronizedDispatchConnection] thread 180: received class org.gradle.launcher.daemon.protocol.StopWhenIdle
2024-06-28T12:37:28.593+0300 [DEBUG] [org.gradle.launcher.daemon.server.DefaultDaemonConnection] thread 180: Received non-IO message from client: StopWhenIdle[id=8661742c-8e23-4a9d-8756-2908d3d74b60]
2024-06-28T12:37:28.594+0300 [INFO] [org.gradle.launcher.daemon.server.DefaultIncomingConnectionHandler] Received command: StopWhenIdle[id=8661742c-8e23-4a9d-8756-2908d3d74b60].
2024-06-28T12:37:28.594+0300 [DEBUG] [org.gradle.launcher.daemon.server.DefaultIncomingConnectionHandler] Starting executing command: StopWhenIdle[id=8661742c-8e23-4a9d-8756-2908d3d74b60] with connection: socket connection from /127.0.0.1:55175 to /127.0.0.1:55452.
2024-06-28T12:37:28.595+0300 [DEBUG] [org.gradle.launcher.daemon.server.DaemonRegistryUpdater] Storing daemon stop event: stop command received
2024-06-28T12:37:28.597+0300 [DEBUG] [org.gradle.launcher.daemon.registry.PersistentDaemonRegistry] Storing daemon stop event with timestamp 1719567448596
2024-06-28T12:37:28.599+0300 [DEBUG] [org.gradle.cache.internal.DefaultFileLockManager] Waiting to acquire exclusive lock on daemon addresses registry.
2024-06-28T12:37:28.600+0300 [DEBUG] [org.gradle.cache.internal.DefaultFileLockManager] Lock acquired on daemon addresses registry.
2024-06-28T12:37:28.602+0300 [DEBUG] [org.gradle.cache.internal.DefaultFileLockManager] Releasing lock on daemon addresses registry.
2024-06-28T12:37:28.603+0300 [LIFECYCLE] [org.gradle.launcher.daemon.server.DaemonStateCoordinator] Daemon will be stopped at the end of the build stop command received
2024-06-28T12:37:28.603+0300 [DEBUG] [org.gradle.launcher.daemon.server.DaemonStateCoordinator] Marking daemon stopped due to stop command received. The daemon is running a build: false
2024-06-28T12:37:28.603+0300 [DEBUG] [org.gradle.launcher.daemon.server.SynchronizedDispatchConnection] thread 179: dispatching Success[value=null]
2024-06-28T12:37:28.603+0300 [DEBUG] [org.gradle.launcher.daemon.server.DaemonStateCoordinator] daemon has stopped.
2024-06-28T12:37:28.603+0300 [DEBUG] [org.gradle.launcher.daemon.server.DefaultIncomingConnectionHandler] Finishing executing command: StopWhenIdle[id=8661742c-8e23-4a9d-8756-2908d3d74b60]
2024-06-28T12:37:28.603+0300 [DEBUG] [org.gradle.launcher.daemon.server.Daemon] stop() called on daemon
2024-06-28T12:37:28.603+0300 [INFO] [org.gradle.launcher.daemon.server.Daemon] Stop requested. Daemon is removing its presence from the registry...
2024-06-28T12:37:28.613+0300 [DEBUG] [org.gradle.launcher.daemon.server.SynchronizedDispatchConnection] thread 180: received class org.gradle.launcher.daemon.protocol.Finished
2024-06-28T12:37:28.620+0300 [DEBUG] [org.gradle.launcher.daemon.server.DaemonRegistryUpdater] Removing our presence to clients, eg. removing this address from the registry: [f8c6247f-b65f-4cfa-8acc-8c49dd6a150d port:55175, addresses:[localhost/127.0.0.1]]
2024-06-28T12:37:28.620+0300 [DEBUG] [org.gradle.launcher.daemon.server.DefaultDaemonConnection] thread 180: Received non-IO message from client: org.gradle.launcher.daemon.protocol.Finished@3ece0e1e
2024-06-28T12:37:28.620+0300 [DEBUG] [org.gradle.internal.remote.internal.inet.SocketConnection] Discarding EOFException: java.io.EOFException
2024-06-28T12:37:28.620+0300 [DEBUG] [org.gradle.launcher.daemon.server.SynchronizedDispatchConnection] thread 180: received null
2024-06-28T12:37:28.620+0300 [DEBUG] [org.gradle.launcher.daemon.server.DefaultDaemonConnection] thread 180: Received end-of-input from client.
2024-06-28T12:37:28.620+0300 [DEBUG] [org.gradle.launcher.daemon.registry.PersistentDaemonRegistry] Removing daemon address: [f8c6247f-b65f-4cfa-8acc-8c49dd6a150d port:55175, addresses:[localhost/127.0.0.1]]
2024-06-28T12:37:28.623+0300 [WARN] [org.gradle.launcher.daemon.server.DefaultIncomingConnectionHandler] Timed out waiting for finished message from client socket connection from /127.0.0.1:55175 to /127.0.0.1:55452. Discarding connection.
2024-06-28T12:37:28.624+0300 [DEBUG] [org.gradle.cache.internal.DefaultFileLockManager] Waiting to acquire exclusive lock on daemon addresses registry.
2024-06-28T12:37:28.624+0300 [DEBUG] [org.gradle.cache.internal.DefaultFileLockManager] Lock acquired on daemon addresses registry.
2024-06-28T12:37:28.624+0300 [DEBUG] [org.gradle.launcher.daemon.server.SynchronizedDispatchConnection] thread 179: stopping connection
2024-06-28T12:37:28.626+0300 [DEBUG] [org.gradle.cache.internal.DefaultFileLockManager] Releasing lock on daemon addresses registry.
2024-06-28T12:37:28.626+0300 [DEBUG] [org.gradle.launcher.daemon.server.SynchronizedDispatchConnection] thread 179: stopping connection
2024-06-28T12:37:28.627+0300 [DEBUG] [org.gradle.launcher.daemon.server.DaemonRegistryUpdater] Address removed from registry.
2024-06-28T12:37:28.670+0300 [DEBUG] [org.gradle.cache.internal.DefaultPersistentDirectoryStore] jars (C:\Users\omers\Desktop\CouponChest-Kotlin-App\CouponChest-Kotlin-App\gradle\caches\jars-9) has last been fully cleaned up 93 hours ago
2024-06-28T12:37:28.677+0300 [INFO] [org.gradle.cache.internal.AbstractCacheCleanup] jars (C:\Users\omers\Desktop\CouponChest-Kotlin-App\CouponChest-Kotlin-App\gradle\caches\jars-9) cleanup deleted 0 files/directories.
2024-06-28T12:37:28.677+0300 [INFO] [org.gradle.cache.internal.LeastRecentlyUsedCacheCleanup] jars (C:\Users\omers\Desktop\CouponChest-Kotlin-App\CouponChest-Kotlin-App\gradle\caches\jars-9) removing files not accessed on or after Fri Jun 21 12:34:04 IDT 2024.
2024-06-28T12:37:28.681+0300 [INFO] [org.gradle.cache.internal.AbstractCacheCleanup] jars (C:\Users\omers\Desktop\CouponChest-Kotlin-App\CouponChest-Kotlin-App\gradle\caches\jars-9) cleanup deleted 0 files/directories.
2024-06-28T12:37:28.683+0300 [INFO] [org.gradle.cache.internal.DefaultPersistentDirectoryStore] jars (C:\Users\omers\Desktop\CouponChest-Kotlin-App\CouponChest-Kotlin-App\gradle\caches\jars-9) cleaned up in 0.012 secs.
2024-06-28T12:37:28.684+0300 [DEBUG] [org.gradle.cache.internal.DefaultCacheCoordinator] Cache jars (C:\Users\omers\Desktop\CouponChest-Kotlin-App\CouponChest-Kotlin-App\gradle\caches\jars-9) was closed 0 times.
2024-06-28T12:37:28.693+0300 [DEBUG] [org.gradle.cache.internal.LockOnDemandCrossProcessCacheAccess] Releasing file lock for file content cache (C:\Users\omers\Desktop\CouponChest-Kotlin-App\CouponChest-Kotlin-App\gradle\caches\8.7\fileContent)
2024-06-28T12:37:28.695+0300 [DEBUG] [org.gradle.cache.internal.DefaultFileLockManager] Releasing lock on file content cache (C:\Users\omers\Desktop\CouponChest-Kotlin-App\CouponChest-Kotlin-App\gradle\caches\8.7\fileContent).
2024-06-28T12:37:28.699+0300 [DEBUG] [org.gradle.internal.watch.vfs.impl.WatchingVirtualFileSystem] Closing VFS, dropping state
2024-06-28T12:37:28.718+0300 [DEBUG] [org.gradle.cache.internal.LockOnDemandCrossProcessCacheAccess] Releasing file lock for Generated Gradle JARs cache (C:\Users\omers\Desktop\CouponChest-Kotlin-App\CouponChest-Kotlin-App\gradle\caches\8.7\generated-gradle-jars)
2024-06-28T12:37:28.718+0300 [DEBUG] [org.gradle.internal.watch.registry.impl.DefaultFileWatcherRegistry] Finished listening to file system change events
2024-06-28T12:37:28.718+0300 [DEBUG] [org.gradle.cache.internal.DefaultFileLockManager] Releasing lock on Generated Gradle JARs cache (C:\Users\omers\Desktop\CouponChest-Kotlin-App\CouponChest-Kotlin-App\gradle\caches\8.7\generated-gradle-jars).
2024-06-28T12:37:28.723+0300 [DEBUG] [org.gradle.cache.internal.DefaultPersistentDirectoryStore] Artifact transforms cache (C:\Users\omers\Desktop\CouponChest-Kotlin-App\CouponChest-Kotlin-App\gradle\caches\transforms-4) has last been fully cleaned up 93 hours ago
2024-06-28T12:37:28.727+0300 [INFO] [org.gradle.cache.internal.LeastRecentlyUsedCacheCleanup] Artifact transforms cache (C:\Users\omers\Desktop\CouponChest-Kotlin-App\CouponChest-Kotlin-App\gradle\caches\transforms-4) removing files not accessed on or after Fri Jun 21 12:34:04 IDT 2024.
2024-06-28T12:37:28.882+0300 [INFO] [org.gradle.cache.internal.AbstractCacheCleanup] Artifact transforms cache (C:\Users\omers\Desktop\CouponChest-Kotlin-App\CouponChest-Kotlin-App\gradle\caches\transforms-4) cleanup deleted 0 files/directories.
2024-06-28T12:37:28.883+0300 [INFO] [org.gradle.cache.internal.DefaultPersistentDirectoryStore] Artifact transforms cache (C:\Users\omers\Desktop\CouponChest-Kotlin-App\CouponChest-Kotlin-App\gradle\caches\transforms-4) cleaned up in 0.156 secs.
2024-06-28T12:37:28.883+0300 [DEBUG] [org.gradle.cache.internal.DefaultCacheCoordinator] Cache Artifact transforms cache (C:\Users\omers\Desktop\CouponChest-Kotlin-App\CouponChest-Kotlin-App\gradle\caches\transforms-4) was closed 0 times.
2024-06-28T12:37:28.884+0300 [DEBUG] [org.gradle.cache.internal.LockOnDemandCrossProcessCacheAccess] Releasing file lock for artifact cache (C:\Users\omers\Desktop\CouponChest-Kotlin-App\CouponChest-Kotlin-App\gradle\caches\modules-2)
2024-06-28T12:37:28.884+0300 [DEBUG] [org.gradle.cache.internal.btree.BTreePersistentIndexedCache] Closing cache module-artifact.bin (C:\Users\omers\Desktop\CouponChest-Kotlin-App\CouponChest-Kotlin-App\gradle\caches\modules-2\metadata-2.106\module-artifact.bin)
2024-06-28T12:37:28.885+0300 [DEBUG] [org.gradle.cache.internal.btree.BTreePersistentIndexedCache] Closing cache module-metadata.bin (C:\Users\omers\Desktop\CouponChest-Kotlin-App\CouponChest-Kotlin-App\gradle\caches\modules-2\metadata-2.106\module-metadata.bin)
2024-06-28T12:37:28.886+0300 [DEBUG] [org.gradle.cache.internal.DefaultFileLockManager] Releasing lock on artifact cache (C:\Users\omers\Desktop\CouponChest-Kotlin-App\CouponChest-Kotlin-App\gradle\caches\modules-2).
2024-06-28T12:37:28.886+0300 [DEBUG] [org.gradle.cache.internal.DefaultPersistentDirectoryStore] artifact cache (C:\Users\omers\Desktop\CouponChest-Kotlin-App\CouponChest-Kotlin-App\gradle\caches\modules-2) has last been fully cleaned up 93 hours ago
2024-06-28T12:37:28.888+0300 [INFO] [org.gradle.cache.internal.AbstractCacheCleanup] artifact cache (C:\Users\omers\Desktop\CouponChest-Kotlin-App\CouponChest-Kotlin-App\gradle\caches\modules-2) cleanup deleted 0 files/directories.
2024-06-28T12:37:28.890+0300 [INFO] [org.gradle.cache.internal.AbstractCacheCleanup] artifact cache (C:\Users\omers\Desktop\CouponChest-Kotlin-App\CouponChest-Kotlin-App\gradle\caches\modules-2) [subdir: C:\Users\omers\Desktop\CouponChest-Kotlin-App\CouponChest-Kotlin-App\gradle\caches\modules-2\resources-2.1] cleanup deleted 0 files/directories.
2024-06-28T12:37:28.891+0300 [INFO] [org.gradle.cache.internal.LeastRecentlyUsedCacheCleanup] artifact cache (C:\Users\omers\Desktop\CouponChest-Kotlin-App\CouponChest-Kotlin-App\gradle\caches\modules-2) [subdir: C:\Users\omers\Desktop\CouponChest-Kotlin-App\CouponChest-Kotlin-App\gradle\caches\modules-2\resources-2.1] removing files not accessed on or after Wed May 29 12:34:04 IDT 2024.
2024-06-28T12:37:28.891+0300 [INFO] [org.gradle.cache.internal.AbstractCacheCleanup] artifact cache (C:\Users\omers\Desktop\CouponChest-Kotlin-App\CouponChest-Kotlin-App\gradle\caches\modules-2) [subdir: C:\Users\omers\Desktop\CouponChest-Kotlin-App\CouponChest-Kotlin-App\gradle\caches\modules-2\resources-2.1] cleanup deleted 0 files/directories.
2024-06-28T12:37:28.893+0300 [INFO] [org.gradle.cache.internal.AbstractCacheCleanup] artifact cache (C:\Users\omers\Desktop\CouponChest-Kotlin-App\CouponChest-Kotlin-App\gradle\caches\modules-2) [subdir: C:\Users\omers\Desktop\CouponChest-Kotlin-App\CouponChest-Kotlin-App\gradle\caches\modules-2\files-2.1] cleanup deleted 0 files/directories.
2024-06-28T12:37:28.893+0300 [INFO] [org.gradle.cache.internal.LeastRecentlyUsedCacheCleanup] artifact cache (C:\Users\omers\Desktop\CouponChest-Kotlin-App\CouponChest-Kotlin-App\gradle\caches\modules-2) [subdir: C:\Users\omers\Desktop\CouponChest-Kotlin-App\CouponChest-Kotlin-App\gradle\caches\modules-2\files-2.1] removing files not accessed on or after Wed May 29 12:34:04 IDT 2024.
2024-06-28T12:37:29.255+0300 [INFO] [org.gradle.cache.internal.AbstractCacheCleanup] artifact cache (C:\Users\omers\Desktop\CouponChest-Kotlin-App\CouponChest-Kotlin-App\gradle\caches\modules-2) [subdir: C:\Users\omers\Desktop\CouponChest-Kotlin-App\CouponChest-Kotlin-App\gradle\caches\modules-2\files-2.1] cleanup deleted 0 files/directories.
2024-06-28T12:37:29.258+0300 [INFO] [org.gradle.cache.internal.AbstractCacheCleanup] artifact cache (C:\Users\omers\Desktop\CouponChest-Kotlin-App\CouponChest-Kotlin-App\gradle\caches\modules-2) [subdir: C:\Users\omers\Desktop\CouponChest-Kotlin-App\CouponChest-Kotlin-App\gradle\caches\modules-2\metadata-2.106] cleanup deleted 0 files/directories.
2024-06-28T12:37:29.263+0300 [INFO] [org.gradle.cache.internal.DefaultPersistentDirectoryStore] artifact cache (C:\Users\omers\Desktop\CouponChest-Kotlin-App\CouponChest-Kotlin-App\gradle\caches\modules-2) cleaned up in 0.375 secs.
2024-06-28T12:37:29.264+0300 [DEBUG] [org.gradle.cache.internal.DefaultPersistentDirectoryStore] groovy-dsl (C:\Users\omers\Desktop\CouponChest-Kotlin-App\CouponChest-Kotlin-App\gradle\caches\8.7\groovy-dsl) has last been fully cleaned up 93 hours ago
2024-06-28T12:37:29.265+0300 [INFO] [org.gradle.cache.internal.LeastRecentlyUsedCacheCleanup] groovy-dsl (C:\Users\omers\Desktop\CouponChest-Kotlin-App\CouponChest-Kotlin-App\gradle\caches\8.7\groovy-dsl) removing files not accessed on or after Fri Jun 21 12:34:04 IDT 2024.
2024-06-28T12:37:29.266+0300 [INFO] [org.gradle.cache.internal.AbstractCacheCleanup] groovy-dsl (C:\Users\omers\Desktop\CouponChest-Kotlin-App\CouponChest-Kotlin-App\gradle\caches\8.7\groovy-dsl) cleanup deleted 0 files/directories.
2024-06-28T12:37:29.267+0300 [INFO] [org.gradle.cache.internal.DefaultPersistentDirectoryStore] groovy-dsl (C:\Users\omers\Desktop\CouponChest-Kotlin-App\CouponChest-Kotlin-App\gradle\caches\8.7\groovy-dsl) cleaned up in 0.002 secs.
2024-06-28T12:37:29.267+0300 [DEBUG] [org.gradle.cache.internal.DefaultCacheCoordinator] Cache groovy-dsl (C:\Users\omers\Desktop\CouponChest-Kotlin-App\CouponChest-Kotlin-App\gradle\caches\8.7\groovy-dsl) was closed 0 times.
2024-06-28T12:37:29.267+0300 [DEBUG] [org.gradle.cache.internal.DefaultPersistentDirectoryStore] kotlin-dsl (C:\Users\omers\Desktop\CouponChest-Kotlin-App\CouponChest-Kotlin-App\gradle\caches\8.7\kotlin-dsl) has last been fully cleaned up 93 hours ago
2024-06-28T12:37:29.268+0300 [INFO] [org.gradle.cache.internal.LeastRecentlyUsedCacheCleanup] kotlin-dsl (C:\Users\omers\Desktop\CouponChest-Kotlin-App\CouponChest-Kotlin-App\gradle\caches\8.7\kotlin-dsl) removing files not accessed on or after Fri Jun 21 12:34:04 IDT 2024.
2024-06-28T12:37:29.270+0300 [INFO] [org.gradle.cache.internal.AbstractCacheCleanup] kotlin-dsl (C:\Users\omers\Desktop\CouponChest-Kotlin-App\CouponChest-Kotlin-App\gradle\caches\8.7\kotlin-dsl) cleanup deleted 0 files/directories.
2024-06-28T12:37:29.271+0300 [INFO] [org.gradle.cache.internal.DefaultPersistentDirectoryStore] kotlin-dsl (C:\Users\omers\Desktop\CouponChest-Kotlin-App\CouponChest-Kotlin-App\gradle\caches\8.7\kotlin-dsl) cleaned up in 0.002 secs.
2024-06-28T12:37:29.271+0300 [DEBUG] [org.gradle.cache.internal.DefaultCacheCoordinator] Cache kotlin-dsl (C:\Users\omers\Desktop\CouponChest-Kotlin-App\CouponChest-Kotlin-App\gradle\caches\8.7\kotlin-dsl) was closed 0 times.
2024-06-28T12:37:29.272+0300 [DEBUG] [org.gradle.cache.internal.LockOnDemandCrossProcessCacheAccess] Releasing file lock for journal cache (C:\Users\omers\Desktop\CouponChest-Kotlin-App\CouponChest-Kotlin-App\gradle\caches\journal-1)
2024-06-28T12:37:29.272+0300 [DEBUG] [org.gradle.cache.internal.btree.BTreePersistentIndexedCache] Closing cache file-access.bin (C:\Users\omers\Desktop\CouponChest-Kotlin-App\CouponChest-Kotlin-App\gradle\caches\journal-1\file-access.bin)
2024-06-28T12:37:29.273+0300 [DEBUG] [org.gradle.cache.internal.DefaultFileLockManager] Releasing lock on journal cache (C:\Users\omers\Desktop\CouponChest-Kotlin-App\CouponChest-Kotlin-App\gradle\caches\journal-1).
2024-06-28T12:37:29.273+0300 [DEBUG] [org.gradle.cache.internal.LockOnDemandCrossProcessCacheAccess] Releasing file lock for file hash cache (C:\Users\omers\Desktop\CouponChest-Kotlin-App\CouponChest-Kotlin-App\gradle\caches\8.7\fileHashes)
2024-06-28T12:37:29.274+0300 [DEBUG] [org.gradle.cache.internal.btree.BTreePersistentIndexedCache] Closing cache fileHashes.bin (C:\Users\omers\Desktop\CouponChest-Kotlin-App\CouponChest-Kotlin-App\gradle\caches\8.7\fileHashes\fileHashes.bin)
2024-06-28T12:37:29.274+0300 [DEBUG] [org.gradle.cache.internal.btree.BTreePersistentIndexedCache] Closing cache resourceHashesCache.bin (C:\Users\omers\Desktop\CouponChest-Kotlin-App\CouponChest-Kotlin-App\gradle\caches\8.7\fileHashes\resourceHashesCache.bin)
2024-06-28T12:37:29.274+0300 [DEBUG] [org.gradle.cache.internal.DefaultFileLockManager] Releasing lock on file hash cache (C:\Users\omers\Desktop\CouponChest-Kotlin-App\CouponChest-Kotlin-App\gradle\caches\8.7\fileHashes).
2024-06-28T12:37:29.277+0300 [DEBUG] [org.gradle.cache.internal.VersionSpecificCacheCleanupAction] Processed version-specific caches at C:\Users\omers\Desktop\CouponChest-Kotlin-App\CouponChest-Kotlin-App\gradle\caches for cleanup in 0.001 secs
Daemon vm is shutting down... The daemon has exited normally or was terminated in response to a user interrupt.
2024-06-28T12:37:29.288+0300 [DEBUG] [org.gradle.launcher.daemon.registry.PersistentDaemonRegistry] Removing daemon address: [f8c6247f-b65f-4cfa-8acc-8c49dd6a150d port:55175, addresses:[localhost/127.0.0.1]]
2024-06-28T12:37:29.290+0300 [DEBUG] [org.gradle.cache.internal.DefaultFileLockManager] Waiting to acquire exclusive lock on daemon addresses registry.
2024-06-28T12:37:29.291+0300 [DEBUG] [org.gradle.cache.internal.DefaultFileLockManager] Lock acquired on daemon addresses registry.
2024-06-28T12:37:29.293+0300 [DEBUG] [org.gradle.cache.internal.DefaultFileLockManager] Releasing lock on daemon addresses registry.
